<?xml version="1.0" encoding="UTF-8"?>
<!-- Generated by org.testng.reporters.JUnitXMLReporter -->
<testsuite ignored="0" hostname="Sandy-HP" failures="0" tests="3" name="Test" time="51.132" errors="0" timestamp="2022-07-26T21:34:39 IST">
  <testcase classname="TestClasses.VerifyUserCanLogIn" name="verifyUserCanLogin" time="5.87"/>
  <testcase classname="TestClasses.VerifyUserCanAddNewAddress" name="verifyUserCanGoToProfilePage" time="12.846"/>
  <testcase classname="TestClasses.VerifyUserCanAddNewAddress" name="veryUserCanAddAddress" time="7.281"/>
</testsuite> <!-- Test -->
